Arguments: 
  /data/data/com.termux/files/usr/bin/node /data/data/com.termux/files/usr/share/yarn/bin/yarn.js

PATH: 
  /data/data/com.termux/files/usr/bin

Yarn version: 
  1.22.19

Node version: 
  18.4.0

Platform: 
  android arm64

Trace: 
  Error: EACCES: permission denied, symlink '../../../../pino/bin.js' -> '/storage/emulated/0/NEOBOTV4-master/node_modules/@adiwajshing/baileys/node_modules/.bin/pino'

npm manifest: 
  {
    "name": "NEOBOTV4",
    "version": "1.0.0",
    "description": "Simple whatsapp bot with multi device.",
    "main": "index.js",
    "directories": {
      "lib": "lib"
    },
    "scripts": {
      "test": "echo \"Error: no test specified\" && exit 1",
      "start": "node index.js"
    },
    "author": "Lexxy Official",
    "license": "MIT",
    "dependencies": {
      "@adiwajshing/baileys": "^4.0.1",
      "@adiwajshing/keyed-db": "^0.2.4",
      "@hapi/boom": "^10.0.0",
      "awesome-phonenumber": "^2.64.0",
      "qrcode-terminal": "^0.12.0",
      "axios": "^0.24.0",
      "chalk": "^4.1.2",
      "clui": "^0.3.6",
      "fetch": "^1.1.0",
      "figlet": "^1.5.2",
      "file-type": "^16.5.3",
      "fluent-ffmpeg": "^2.1.2",
      "form-data": "^4.0.0",
      "fs": "0.0.1-security",
      "g-i-s": "^2.1.6",
      "hxz-api": "^1.0.1",
      "hikki-me": "^2.0.0",
      "human-readable": "^0.2.1",
      "jimp": "^0.16.1",
      "jsdom": "^16.4.0",
      "kotz-api": "^1.0.0",
      "mathjs": "^9.4.4",
      "moment": "^2.29.1",
      "moment-timezone": "^0.5.34",
      "mumaker": "^1.0.0",
      "node-fetch": "^2.6.4",
      "node-webpmux": "^3.1.0",
      "parse-ms": "^2.1.0",
      "pino": "^7.2.0",
      "ra-api": "^1.3.2",
      "util": "^0.12.4",
      "xfarr-api": "^1.0.0",
      "yt-search": "^2.10.2"
    }
  }

yarn manifest: 
  No manifest

Lockfile: 
  No lockfile
